Vivado Simulator 2019.1
Time resolution is 1 ps
testbench.cg with cycle_time_p          10
Begin Test:

__________ ___________  _______________________________
\______   \\_   _____/ /   _____/\_   _____/\__    ___/
 |       _/ |    __)_  \_____  \  |    __)_   |    |   
 |    |   \ |        \ /        \ |        \  |    |  0->1 time =         10
 |____|_  //_______  //_______  //_______  /  |____|   
 ASYNC  \/         \/         \/         \/            
__________ ___________  _______________________________
\______   \\_   _____/ /   _____/\_   _____/\__    ___/
 |       _/ |    __)_  \_____  \  |    __)_   |    |   
 |    |   \ |        \ /        \ |        \  |    |  1->0 time =        110
 |____|_  //_______  //_______  //_______  /  |____|   
 ASYNC  \/         \/         \/         \/            
Simulation time is               155000
[0;32m    ____  ___   __________[0m
[0;32m   / __ \/   | / ___/ ___/[0m
[0;32m  / /_/ / /| | \__ \__  [0m
[0;32m / ____/ ___ |___/ /__/ / [0m
[0;32m/_/   /_/  |_/____/____/  [0m

Simulation Succeeded!
$finish called at time : 155 ns : File "C:/Users/aarusso/systolic_array/systolic_array.srcs/sim_1/new/testbench.sv" Line 129
